Log file open, 03/20/19 12:17:59
LogWindows: Failed to load 'aqProf.dll' (GetLastError=126)
LogWindows: File 'aqProf.dll' does not exist
LogWindows: Failed to load 'VSPerf140.dll' (GetLastError=126)
LogWindows: File 'VSPerf140.dll' does not exist
LogWindows: Failed to load 'VtuneApi.dll' (GetLastError=126)
LogWindows: File 'VtuneApi.dll' does not exist
LogWindows: Failed to load 'VtuneApi32e.dll' (GetLastError=126)
LogWindows: File 'VtuneApi32e.dll' does not exist
LogInit: Display: Running engine for game: cura
LogPlatformFile: Not using cached read wrapper
LogInit: Display: RandInit(-126787183) SRandInit(-126787183).
LogInit: Read version file with build ID '3709383'
LogInit: Overriding engine version to CL 3832480, compatible CL 3709383
LogInit: Registered custom module enumerator with build ID '3709383'
LogTaskGraph: Started task graph with 5 named threads and 20 total threads with 3 sets of task threads.
LogStats: Stats thread started at 0.217607
LogD3D11RHI: Aftermath initialized
LogModuleManager: Display: Found up-to-date module file ../../../Engine/Plugins/2D/Paper2D/Binaries/Win64/UE4Editor-Paper2D.dll (API version 3709383).
LogModuleManager: Display: Found up-to-date module file ../../../Engine/Plugins/2D/Paper2D/Binaries/Win64/UE4Editor-Paper2DEditor.dll (API version 3709383).
LogModuleManager: Display: Found up-to-date module file ../../../Engine/Plugins/2D/Paper2D/Binaries/Win64/UE4Editor-PaperSpriteSheetImporter.dll (API version 3709383).
LogModuleManager: Display: Found up-to-date module file ../../../Engine/Plugins/2D/Paper2D/Binaries/Win64/UE4Editor-PaperTiledImporter.dll (API version 3709383).
LogModuleManager: Display: Found up-to-date module file ../../../Engine/Plugins/2D/Paper2D/Binaries/Win64/UE4Editor-SmartSnapping.dll (API version 3709383).
LogModuleManager: Display: Found up-to-date module file ../../../Engine/Plugins/Blendables/LightPropagationVolume/Binaries/Win64/UE4Editor-LightPropagationVolumeRuntime.dll (API version 3709383).
LogModuleManager: Display: Found up-to-date module file ../../../Engine/Plugins/Blendables/LightPropagationVolume/Binaries/Win64/UE4Editor-LightPropagationVolumeEditor.dll (API version 3709383).
LogModuleManager: Display: Found up-to-date module file ../../../Engine/Plugins/Developer/GitSourceControl/Binaries/Win64/UE4Editor-GitSourceControl.dll (API version 3709383).
LogModuleManager: Display: Found up-to-date module file ../../../Engine/Plugins/Developer/PerforceSourceControl/Binaries/Win64/UE4Editor-PerforceSourceControl.dll (API version 3709383).
LogModuleManager: Display: Found up-to-date module file ../../../Engine/Plugins/Developer/SubversionSourceControl/Binaries/Win64/UE4Editor-SubversionSourceControl.dll (API version 3709383).
LogModuleManager: Display: Found up-to-date module file ../../../Engine/Plugins/Developer/UObjectPlugin/Binaries/Win64/UE4Editor-UObjectPlugin.dll (API version 3709383).
LogModuleManager: Display: Found up-to-date module file ../../../Engine/Plugins/Developer/VisualStudioCodeSourceCodeAccess/Binaries/Win64/UE4Editor-VisualStudioCodeSourceCodeAccess.dll (API version 3709383).
LogModuleManager: Display: Found up-to-date module file ../../../Engine/Plugins/Developer/VisualStudioSourceCodeAccess/Binaries/Win64/UE4Editor-VisualStudioSourceCodeAccess.dll (API version 3709383).
LogModuleManager: Display: Found up-to-date module file ../../../Engine/Plugins/Editor/AssetManagerEditor/Binaries/Win64/UE4Editor-AssetManagerEditor.dll (API version 3709383).
LogModuleManager: Display: Found up-to-date module file ../../../Engine/Plugins/Editor/AudioCapture/Binaries/Win64/UE4Editor-AudioCapture.dll (API version 3709383).
LogModuleManager: Display: Found up-to-date module file ../../../Engine/Plugins/Editor/FacialAnimation/Binaries/Win64/UE4Editor-FacialAnimation.dll (API version 3709383).
LogModuleManager: Display: Found up-to-date module file ../../../Engine/Plugins/Editor/FacialAnimation/Binaries/Win64/UE4Editor-FacialAnimationEditor.dll (API version 3709383).
LogModuleManager: Display: Found up-to-date module file ../../../Engine/Plugins/Editor/GameplayTagsEditor/Binaries/Win64/UE4Editor-GameplayTagsEditor.dll (API version 3709383).
LogModuleManager: Display: Found up-to-date module file ../../../Engine/Plugins/Editor/MobileLauncherProfileWizard/Binaries/Win64/UE4Editor-MobileLauncherProfileWizard.dll (API version 3709383).
LogModuleManager: Display: Found up-to-date module file ../../../Engine/Plugins/Editor/PluginBrowser/Binaries/Win64/UE4Editor-PluginBrowser.dll (API version 3709383).
LogModuleManager: Display: Found up-to-date module file ../../../Engine/Plugins/Editor/SpeedTreeImporter/Binaries/Win64/UE4Editor-SpeedTreeImporter.dll (API version 3709383).
LogModuleManager: Display: Found up-to-date module file ../../../Engine/Plugins/Experimental/AlembicImporter/Binaries/Win64/UE4Editor-AlembicImporter.dll (API version 3709383).
LogModuleManager: Display: Found up-to-date module file ../../../Engine/Plugins/Experimental/AlembicImporter/Binaries/Win64/UE4Editor-AlembicLibrary.dll (API version 3709383).
LogModuleManager: Display: Found up-to-date module file ../../../Engine/Plugins/Experimental/CharacterAI/Binaries/Win64/UE4Editor-CharacterAI.dll (API version 3709383).
LogModuleManager: Display: Found up-to-date module file ../../../Engine/Plugins/Experimental/HTML5Networking/Binaries/Win64/UE4Editor-HTML5Networking.dll (API version 3709383).
LogModuleManager: Display: Found up-to-date module file ../../../Engine/Plugins/Media/AndroidMedia/Binaries/Win64/UE4Editor-AndroidMediaEditor.dll (API version 3709383).
LogModuleManager: Display: Found up-to-date module file ../../../Engine/Plugins/Media/AndroidMedia/Binaries/Win64/UE4Editor-AndroidMediaFactory.dll (API version 3709383).
LogModuleManager: Display: Found up-to-date module file ../../../Engine/Plugins/Media/AvfMedia/Binaries/Win64/UE4Editor-AvfMediaEditor.dll (API version 3709383).
LogModuleManager: Display: Found up-to-date module file ../../../Engine/Plugins/Media/AvfMedia/Binaries/Win64/UE4Editor-AvfMediaFactory.dll (API version 3709383).
LogModuleManager: Display: Found up-to-date module file ../../../Engine/Plugins/Media/AvfMedia/Binaries/Win64/UE4Editor-AvfMediaFactory.dll (API version 3709383).
LogModuleManager: Display: Found up-to-date module file ../../../Engine/Plugins/Media/ImgMedia/Binaries/Win64/UE4Editor-ImgMedia.dll (API version 3709383).
LogModuleManager: Display: Found up-to-date module file ../../../Engine/Plugins/Media/ImgMedia/Binaries/Win64/UE4Editor-ImgMediaEditor.dll (API version 3709383).
LogModuleManager: Display: Found up-to-date module file ../../../Engine/Plugins/Media/ImgMedia/Binaries/Win64/UE4Editor-ImgMediaFactory.dll (API version 3709383).
LogModuleManager: Display: Found up-to-date module file ../../../Engine/Plugins/Media/ImgMedia/Binaries/Win64/UE4Editor-ImgMediaFactory.dll (API version 3709383).
LogModuleManager: Display: Found up-to-date module file ../../../Engine/Plugins/Media/ImgMedia/Binaries/Win64/UE4Editor-OpenExrWrapper.dll (API version 3709383).
LogModuleManager: Display: Found up-to-date module file ../../../Engine/Plugins/Media/MediaCompositing/Binaries/Win64/UE4Editor-MediaCompositing.dll (API version 3709383).
LogModuleManager: Display: Found up-to-date module file ../../../Engine/Plugins/Media/MediaCompositing/Binaries/Win64/UE4Editor-MediaCompositingEditor.dll (API version 3709383).
LogModuleManager: Display: Found up-to-date module file ../../../Engine/Plugins/Media/MediaPlayerEditor/Binaries/Win64/UE4Editor-MediaPlayerEditor.dll (API version 3709383).
LogModuleManager: Display: Found up-to-date module file ../../../Engine/Plugins/Media/WmfMedia/Binaries/Win64/UE4Editor-WmfMedia.dll (API version 3709383).
LogModuleManager: Display: Found up-to-date module file ../../../Engine/Plugins/Media/WmfMedia/Binaries/Win64/UE4Editor-WmfMediaEditor.dll (API version 3709383).
LogModuleManager: Display: Found up-to-date module file ../../../Engine/Plugins/Media/WmfMedia/Binaries/Win64/UE4Editor-WmfMediaFactory.dll (API version 3709383).
LogModuleManager: Display: Found up-to-date module file ../../../Engine/Plugins/Media/WmfMedia/Binaries/Win64/UE4Editor-WmfMediaFactory.dll (API version 3709383).
LogModuleManager: Display: Found up-to-date module file ../../../Engine/Plugins/Messaging/TcpMessaging/Binaries/Win64/UE4Editor-TcpMessaging.dll (API version 3709383).
LogModuleManager: Display: Found up-to-date module file ../../../Engine/Plugins/Messaging/UdpMessaging/Binaries/Win64/UE4Editor-UdpMessaging.dll (API version 3709383).
LogModuleManager: Display: Found up-to-date module file ../../../Engine/Plugins/MovieScene/ActorSequence/Binaries/Win64/UE4Editor-ActorSequence.dll (API version 3709383).
LogModuleManager: Display: Found up-to-date module file ../../../Engine/Plugins/MovieScene/LevelSequenceEditor/Binaries/Win64/UE4Editor-LevelSequenceEditor.dll (API version 3709383).
LogModuleManager: Display: Found up-to-date module file ../../../Engine/Plugins/MovieScene/MatineeToLevelSequence/Binaries/Win64/UE4Editor-MatineeToLevelSequence.dll (API version 3709383).
LogModuleManager: Display: Found up-to-date module file ../../../Engine/Plugins/Online/OnlineSubsystem/Binaries/Win64/UE4Editor-OnlineSubsystem.dll (API version 3709383).
LogModuleManager: Display: Found up-to-date module file ../../../Engine/Plugins/Runtime/AndroidPermission/Binaries/Win64/UE4Editor-AndroidPermission.dll (API version 3709383).
LogModuleManager: Display: Found up-to-date module file ../../../Engine/Plugins/Online/OnlineSubsystemNull/Binaries/Win64/UE4Editor-OnlineSubsystemNull.dll (API version 3709383).
LogModuleManager: Display: Found up-to-date module file ../../../Engine/Plugins/Online/OnlineSubsystemUtils/Binaries/Win64/UE4Editor-OnlineSubsystemUtils.dll (API version 3709383).
LogModuleManager: Display: Found up-to-date module file ../../../Engine/Plugins/Online/OnlineSubsystemUtils/Binaries/Win64/UE4Editor-OnlineBlueprintSupport.dll (API version 3709383).
LogModuleManager: Display: Found up-to-date module file ../../../Engine/Plugins/Runtime/AndroidDeviceProfileSelector/Binaries/Win64/UE4Editor-AndroidDeviceProfileSelector.dll (API version 3709383).
LogModuleManager: Display: Found up-to-date module file ../../../Engine/Plugins/Runtime/AppleARKit/Binaries/Win64/UE4Editor-AppleARKit.dll (API version 3709383).
LogModuleManager: Display: Found up-to-date module file ../../../Engine/Plugins/Runtime/ArchVisCharacter/Binaries/Win64/UE4Editor-ArchVisCharacter.dll (API version 3709383).
LogModuleManager: Display: Found up-to-date module file ../../../Engine/Plugins/Runtime/CableComponent/Binaries/Win64/UE4Editor-CableComponent.dll (API version 3709383).
LogModuleManager: Display: Found up-to-date module file ../../../Engine/Plugins/Runtime/CustomMeshComponent/Binaries/Win64/UE4Editor-CustomMeshComponent.dll (API version 3709383).
LogModuleManager: Display: Found up-to-date module file ../../../Engine/Plugins/Runtime/ExampleDeviceProfileSelector/Binaries/Win64/UE4Editor-ExampleDeviceProfileSelector.dll (API version 3709383).
LogModuleManager: Display: Found up-to-date module file ../../../Engine/Plugins/Runtime/ImmediatePhysics/Binaries/Win64/UE4Editor-ImmediatePhysics.dll (API version 3709383).
LogModuleManager: Display: Found up-to-date module file ../../../Engine/Plugins/Runtime/ImmediatePhysics/Binaries/Win64/UE4Editor-ImmediatePhysicsEditor.dll (API version 3709383).
LogModuleManager: Display: Found up-to-date module file ../../../Engine/Plugins/Runtime/LocationServicesBPLibrary/Binaries/Win64/UE4Editor-LocationServicesBPLibrary.dll (API version 3709383).
LogModuleManager: Display: Found up-to-date module file ../../../Engine/Plugins/Runtime/MobilePatchingUtils/Binaries/Win64/UE4Editor-MobilePatchingUtils.dll (API version 3709383).
LogModuleManager: Display: Found up-to-date module file ../../../Engine/Plugins/Runtime/Oculus/OculusVR/Binaries/Win64/UE4Editor-OculusHMD.dll (API version 3709383).
LogModuleManager: Display: Found up-to-date module file ../../../Engine/Plugins/Runtime/Oculus/OculusVR/Binaries/Win64/UE4Editor-OculusInput.dll (API version 3709383).
LogModuleManager: Display: Found up-to-date module file ../../../Engine/Plugins/Runtime/Oculus/OculusVR/Binaries/Win64/UE4Editor-OculusEditor.dll (API version 3709383).
LogModuleManager: Display: Found up-to-date module file ../../../Engine/Plugins/Runtime/PhysXVehicles/Binaries/Win64/UE4Editor-PhysXVehicles.dll (API version 3709383).
LogModuleManager: Display: Found up-to-date module file ../../../Engine/Plugins/Runtime/PhysXVehicles/Binaries/Win64/UE4Editor-PhysXVehiclesEditor.dll (API version 3709383).
LogModuleManager: Display: Found up-to-date module file ../../../Engine/Plugins/Runtime/ProceduralMeshComponent/Binaries/Win64/UE4Editor-ProceduralMeshComponent.dll (API version 3709383).
LogModuleManager: Display: Found up-to-date module file ../../../Engine/Plugins/Runtime/ProceduralMeshComponent/Binaries/Win64/UE4Editor-ProceduralMeshComponentEditor.dll (API version 3709383).
LogModuleManager: Display: Found up-to-date module file ../../../Engine/Plugins/Runtime/RuntimePhysXCooking/Binaries/Win64/UE4Editor-RuntimePhysXCooking.dll (API version 3709383).
LogModuleManager: Display: Found up-to-date module file ../../../Engine/Plugins/Runtime/Steam/SteamVR/Binaries/Win64/UE4Editor-SteamVR.dll (API version 3709383).
LogModuleManager: Display: Found up-to-date module file ../../../Engine/Plugins/Runtime/Steam/SteamVR/Binaries/Win64/UE4Editor-SteamVRController.dll (API version 3709383).
LogModuleManager: Display: Found up-to-date module file ../../../Engine/Plugins/Runtime/WindowsMoviePlayer/Binaries/Win64/UE4Editor-WindowsMoviePlayer.dll (API version 3709383).
LogPluginManager: Mounting plugin Paper2D
LogPluginManager: Mounting plugin LightPropagationVolume
LogPluginManager: Mounting plugin CodeLiteSourceCodeAccess
LogPluginManager: Mounting plugin GitSourceControl
LogPluginManager: Mounting plugin KDevelopSourceCodeAccess
LogPluginManager: Mounting plugin NullSourceCodeAccess
LogPluginManager: Mounting plugin PerforceSourceControl
LogPluginManager: Mounting plugin SubversionSourceControl
LogPluginManager: Mounting plugin UObjectPlugin
LogPluginManager: Mounting plugin VisualStudioCodeSourceCodeAccess
LogPluginManager: Mounting plugin VisualStudioSourceCodeAccess
LogPluginManager: Mounting plugin XCodeSourceCodeAccess
LogPluginManager: Mounting plugin AssetManagerEditor
LogPluginManager: Mounting plugin AudioCapture
LogPluginManager: Mounting plugin FacialAnimation
LogPluginManager: Mounting plugin GameplayTagsEditor
LogPluginManager: Mounting plugin MobileLauncherProfileWizard
LogPluginManager: Mounting plugin PluginBrowser
LogPluginManager: Mounting plugin SpeedTreeImporter
LogPluginManager: Mounting plugin AlembicImporter
LogPluginManager: Mounting plugin CharacterAI
LogPluginManager: Mounting plugin HTML5Networking
LogPluginManager: Mounting plugin AndroidMedia
LogPluginManager: Mounting plugin AvfMedia
LogPluginManager: Mounting plugin ImgMedia
LogPluginManager: Mounting plugin MediaCompositing
LogPluginManager: Mounting plugin MediaPlayerEditor
LogPluginManager: Mounting plugin WmfMedia
LogPluginManager: Mounting plugin TcpMessaging
LogPluginManager: Mounting plugin UdpMessaging
LogPluginManager: Mounting plugin ActorSequence
LogPluginManager: Mounting plugin LevelSequenceEditor
LogPluginManager: Mounting plugin MatineeToLevelSequence
LogPluginManager: Mounting plugin OnlineSubsystemGooglePlay
LogPluginManager: Mounting plugin OnlineSubsystemIOS
LogPluginManager: Mounting plugin OnlineSubsystem
LogPluginManager: Mounting plugin OnlineSubsystemNull
LogPluginManager: Mounting plugin OnlineSubsystemUtils
LogPluginManager: Mounting plugin AndroidDeviceProfileSelector
LogPluginManager: Mounting plugin AndroidMoviePlayer
LogPluginManager: Mounting plugin AndroidPermission
LogPluginManager: Mounting plugin AppleARKit
LogPluginManager: Mounting plugin AppleMoviePlayer
LogPluginManager: Mounting plugin ArchVisCharacter
LogPluginManager: Mounting plugin CableComponent
LogPluginManager: Mounting plugin CustomMeshComponent
LogPluginManager: Mounting plugin ExampleDeviceProfileSelector
LogPluginManager: Mounting plugin GoogleCloudMessaging
LogPluginManager: Mounting plugin ImmediatePhysics
LogPluginManager: Mounting plugin IOSDeviceProfileSelector
LogPluginManager: Mounting plugin LinuxDeviceProfileSelector
LogPluginManager: Mounting plugin LocationServicesBPLibrary
LogPluginManager: Mounting plugin MobilePatchingUtils
LogPluginManager: Mounting plugin OculusVR
LogPluginManager: Plugin shader directory ../../../Engine/Plugins/Runtime/Oculus/OculusVR/Shaders found
LogPluginManager: Mapping shader source directory ../../../Engine/Plugins/Runtime/Oculus/OculusVR/Shaders to virtual directory /Plugin/OculusVR
LogPluginManager: Mounting plugin PhysXVehicles
LogPluginManager: Mounting plugin ProceduralMeshComponent
LogPluginManager: Mounting plugin RuntimePhysXCooking
LogPluginManager: Mounting plugin SteamVR
LogPluginManager: Mounting plugin WindowsMoviePlayer
LogInit: Using libcurl 7.47.1
LogInit:  - built for x86_64-pc-win32
LogInit:  - supports SSL with OpenSSL/1.0.2g
LogInit:  - supports HTTP deflate (compression) using libz 1.2.8
LogInit:  - other features:
LogInit:      CURL_VERSION_SSL
LogInit:      CURL_VERSION_LIBZ
LogInit:      CURL_VERSION_IPV6
LogInit:      CURL_VERSION_ASYNCHDNS
LogInit:      CURL_VERSION_LARGEFILE
LogInit:      CURL_VERSION_IDN
LogInit:  CurlRequestOptions (configurable via config and command line):
LogInit:  - bVerifyPeer = false  - Libcurl will NOT verify peer certificate
LogInit:  - bUseHttpProxy = false  - Libcurl will NOT use HTTP proxy
LogInit:  - bDontReuseConnections = false  - Libcurl will reuse connections
LogInit:  - CertBundlePath = nullptr  - Libcurl will use whatever was configured at build time.
LogInit: Build: ++UE4+Release-4.18-CL-3832480
LogInit: Engine Version: 4.18.3-3832480+++UE4+Release-4.18
LogInit: Compatible Engine Version: 4.18.0-3709383+++UE4+Release-4.18
LogInit: Net CL: 3709383
LogDevObjectVersion: Number of dev versions registered: 16
LogDevObjectVersion:   Dev-Blueprints (B0D832E4-1F89-4F0D-ACCF-7EB736FD4AA2): 10
LogDevObjectVersion:   Dev-Build (E1C64328-A22C-4D53-A36C-8E866417BD8C): 0
LogDevObjectVersion:   Dev-Core (375EC13C-06E4-48FB-B500-84F0262A717E): 2
LogDevObjectVersion:   Dev-Editor (E4B068ED-F494-42E9-A231-DA0B2E46BB41): 20
LogDevObjectVersion:   Dev-Framework (CFFC743F-43B0-4480-9391-14DF171D2073): 30
LogDevObjectVersion:   Dev-Mobile (B02B49B5-BB20-44E9-A304-32B752E40360): 0
LogDevObjectVersion:   Dev-Networking (A4E4105C-59A1-49B5-A7C5-40C4547EDFEE): 0
LogDevObjectVersion:   Dev-Online (39C831C9-5AE6-47DC-9A44-9C173E1C8E7C): 0
LogDevObjectVersion:   Dev-Physics (78F01B33-EBEA-4F98-B9B4-84EACCB95AA2): 0
LogDevObjectVersion:   Dev-Platform (6631380F-2D4D-43E0-8009-CF276956A95A): 0
LogDevObjectVersion:   Dev-Rendering (12F88B9F-8875-4AFC-A67C-D90C383ABD29): 20
LogDevObjectVersion:   Dev-Sequencer (7B5AE74C-D270-4C10-A958-57980B212A5A): 4
LogDevObjectVersion:   Dev-VR (D7296918-1DD6-4BDD-9DE2-64A83CC13884): 0
LogDevObjectVersion:   Dev-LoadTimes (C2A15278-BFE7-4AFE-6C17-90FF531DF755): 1
LogDevObjectVersion:   Private-Geometry (6EACA3D4-40EC-4CC1-B786-8BED09428FC5): 1
LogDevObjectVersion:   Dev-AnimPhys (29E575DD-E0A3-4627-9D10-D276232CDCEA): 12
LogInit: Compiled (64-bit): Jan 12 2018 02:04:55
LogInit: Compiled with Visual C++: 19.00.24215.01
LogInit: Build Configuration: Development
LogInit: Branch Name: ++UE4+Release-4.18
LogInit: Command line: 
LogInit: Base directory: D:/Epic Games/Engine/UE_4.18/Engine/Binaries/Win64/
LogInit: Installed Engine Build: 1
LogInit: Presizing for max 8388607 objects, including 0 objects not considered by GC, pre-allocating 0 bytes for permanent pool.
LogInit: Object subsystem initialized
[2019.03.20-15.18.00:110][  0]LogInit: Selected Device Profile: [Windows]
[2019.03.20-15.18.00:110][  0]LogInit: Applying CVar settings loaded from the selected device profile: [Windows]
[2019.03.20-15.18.00:119][  0]LogInit: Computer: PLE107D16
[2019.03.20-15.18.00:119][  0]LogInit: User: Alunos
[2019.03.20-15.18.00:119][  0]LogInit: CPU Page size=4096, Cores=6
[2019.03.20-15.18.00:119][  0]LogInit: High frequency timer resolution =3.117184 MHz
[2019.03.20-15.18.00:120][  0]LogMemory: Memory total: Physical=15.8GB (16GB approx)
[2019.03.20-15.18.00:120][  0]LogMemory: Platform Memory Stats for Windows
[2019.03.20-15.18.00:120][  0]LogMemory: Process Physical Memory: 274.09 MB used, 274.09 MB peak
[2019.03.20-15.18.00:120][  0]LogMemory: Process Virtual Memory: 270.09 MB used, 270.09 MB peak
[2019.03.20-15.18.00:120][  0]LogMemory: Physical Memory: 4146.51 MB used,  12034.47 MB free, 16180.98 MB total
[2019.03.20-15.18.00:120][  0]LogMemory: Virtual Memory: 4780.96 MB used,  12034.47 MB free, 134217728.00 MB total
[2019.03.20-15.18.00:222][  0]LogInit: Using OS detected language (pt-BR).
[2019.03.20-15.18.00:222][  0]LogInit: Using OS detected locale (pt-BR).
[2019.03.20-15.18.00:335][  0]LogInit: Setting process to per monitor DPI aware
[2019.03.20-15.18.00:503][  0]LogD3D11RHI: D3D11 adapters:
[2019.03.20-15.18.00:547][  0]LogD3D11RHI:    0. 'NVIDIA Quadro P620' (Feature Level 11_0)
[2019.03.20-15.18.00:547][  0]LogD3D11RHI:       1977/0/8090 MB DedicatedVideo/DedicatedSystem/SharedSystem, Outputs:1, VendorId:0x10de
[2019.03.20-15.18.00:556][  0]LogD3D11RHI:    1. 'Intel(R) UHD Graphics 630' (Feature Level 11_0)
[2019.03.20-15.18.00:556][  0]LogD3D11RHI:       128/0/8090 MB DedicatedVideo/DedicatedSystem/SharedSystem, Outputs:0, VendorId:0x8086
[2019.03.20-15.18.00:557][  0]LogD3D11RHI:    2. 'Microsoft Basic Render Driver' (Feature Level 11_0)
[2019.03.20-15.18.00:557][  0]LogD3D11RHI:       0/0/8090 MB DedicatedVideo/DedicatedSystem/SharedSystem, Outputs:0, VendorId:0x1414
[2019.03.20-15.18.00:557][  0]LogD3D11RHI: Chosen D3D11 Adapter: 0
[2019.03.20-15.18.00:562][  0]LogD3D11RHI: Creating new Direct3DDevice
[2019.03.20-15.18.00:562][  0]LogD3D11RHI:     GPU DeviceId: 0x1cb6 (for the marketing name, search the web for "GPU Device Id")
[2019.03.20-15.18.00:562][  0]LogWindows: EnumDisplayDevices:
[2019.03.20-15.18.00:562][  0]LogWindows:    0. 'NVIDIA Quadro P620' (P:1 D:1)
[2019.03.20-15.18.00:562][  0]LogWindows:    1. 'NVIDIA Quadro P620' (P:0 D:0)
[2019.03.20-15.18.00:562][  0]LogWindows:    2. 'NVIDIA Quadro P620' (P:0 D:0)
[2019.03.20-15.18.00:562][  0]LogWindows:    3. 'NVIDIA Quadro P620' (P:0 D:0)
[2019.03.20-15.18.00:562][  0]LogWindows:    4. 'Intel(R) UHD Graphics 630' (P:0 D:0)
[2019.03.20-15.18.00:563][  0]LogWindows:    5. 'Intel(R) UHD Graphics 630' (P:0 D:0)
[2019.03.20-15.18.00:563][  0]LogWindows:    6. 'Intel(R) UHD Graphics 630' (P:0 D:0)
[2019.03.20-15.18.00:563][  0]LogWindows: DebugString: GetVideoDriverDetailsInvalid PrimaryIsNotTheChoosenAdapter GetVideoDriverDetailsInvalid PrimaryIsNotTheChoosenAdapter GetVideoDriverDetailsInvalid PrimaryIsNotTheChoosenAdapter GetVideoDriverDetailsInvalid PrimaryIsNotTheChoosenAdapter GetVideoDriverDetailsInvalid PrimaryIsNotTheChoosenAdapter GetVideoDriverDetailsInvalid PrimaryIsNotTheChoosenAdapter GetVideoDriverDetailsInvalid PrimaryIsNotTheChoosenAdapter FoundDriverCount:0 
[2019.03.20-15.18.00:563][  0]LogD3D11RHI:     Adapter Name: NVIDIA Quadro P620
[2019.03.20-15.18.00:563][  0]LogD3D11RHI:   Driver Version: Unknown (internal:Unknown, unified:Unknown)
[2019.03.20-15.18.00:563][  0]LogD3D11RHI:      Driver Date: Unknown
[2019.03.20-15.18.00:563][  0]LogRHI: Texture pool is 1384 MB (70% of 1977 MB)
[2019.03.20-15.18.00:589][  0]LogD3D11RHI: Async texture creation enabled
[2019.03.20-15.18.00:604][  0]LogD3D11RHI: GPU Timing Frequency: 1000.000000 (Debug: 2 2)
[2019.03.20-15.18.00:646][  0]LogShaderCompilers: Guid format shader working directory is 1 characters bigger than the processId version (C:/Users/Alunos/Documents/GitHub/CuraDoGameLSG/Intermediate/Shaders/WorkingDirectory/7276/).
[2019.03.20-15.18.00:646][  0]LogShaderCompilers: Cleaned the shader compiler working directory 'C:/Users/Alunos/AppData/Local/Temp/UnrealShaderWorkingDir/8F4B16D6423848AEB5E1B89582622B8D/'.
[2019.03.20-15.18.00:646][  0]LogShaderCompilers: Display: Using Local Shader Compiler.
[2019.03.20-15.18.01:314][  0]LogTemp: Display: Loaded TP AllDesktopTargetPlatform
[2019.03.20-15.18.01:351][  0]LogTemp: Display: Loaded TP MacClientTargetPlatform
[2019.03.20-15.18.01:388][  0]LogTemp: Display: Loaded TP MacNoEditorTargetPlatform
[2019.03.20-15.18.01:424][  0]LogTemp: Display: Loaded TP MacServerTargetPlatform
[2019.03.20-15.18.01:461][  0]LogTemp: Display: Loaded TP MacTargetPlatform
[2019.03.20-15.18.01:498][  0]LogTemp: Display: Loaded TP WindowsClientTargetPlatform
[2019.03.20-15.18.01:535][  0]LogTemp: Display: Loaded TP WindowsNoEditorTargetPlatform
[2019.03.20-15.18.01:572][  0]LogTemp: Display: Loaded TP WindowsServerTargetPlatform
[2019.03.20-15.18.01:603][  0]LogTemp: Display: Loaded TP WindowsTargetPlatform
[2019.03.20-15.18.01:639][  0]LogTemp: Display: Loaded TP Android_ASTCTargetPlatform
[2019.03.20-15.18.01:676][  0]LogTemp: Display: Loaded TP Android_ATCTargetPlatform
[2019.03.20-15.18.01:712][  0]LogTemp: Display: Loaded TP Android_DXTTargetPlatform
[2019.03.20-15.18.01:748][  0]LogTemp: Display: Loaded TP Android_ETC1TargetPlatform
[2019.03.20-15.18.01:783][  0]LogTemp: Display: Loaded TP Android_ETC2TargetPlatform
[2019.03.20-15.18.01:855][  0]LogTemp: Display: Loaded TP Android_MultiTargetPlatform
[2019.03.20-15.18.01:855][  0]LogTemp: Display: Loaded TP Android_PVRTCTargetPlatform
[2019.03.20-15.18.01:891][  0]LogTemp: Display: Loaded TP AndroidTargetPlatform
[2019.03.20-15.18.01:919][  0]LogTemp: Display: Loaded TP HTML5TargetPlatform
[2019.03.20-15.18.01:990][  0]LogTemp: Display: Loaded TP IOSTargetPlatform
[2019.03.20-15.18.02:010][  0]LogTemp: Display: Loaded TP TVOSTargetPlatform
[2019.03.20-15.18.02:045][  0]LogTemp: Display: Loaded TP LinuxClientTargetPlatform
[2019.03.20-15.18.02:081][  0]LogTemp: Display: Loaded TP LinuxNoEditorTargetPlatform
[2019.03.20-15.18.02:117][  0]LogTemp: Display: Loaded TP LinuxServerTargetPlatform
[2019.03.20-15.18.02:153][  0]LogTemp: Display: Loaded TP LinuxTargetPlatform
[2019.03.20-15.18.02:153][  0]LogTargetPlatformManager: Display: Building Assets For Windows
[2019.03.20-15.18.02:471][  0]LogDerivedDataCache: Display: Max Cache Size: 512 MB
[2019.03.20-15.18.02:530][  0]LogDerivedDataCache: Loaded boot cache 0.06s 78MB C:/Users/Alunos/AppData/Local/UnrealEngine/4.18/DerivedDataCache/Boot.ddc.
[2019.03.20-15.18.02:530][  0]LogDerivedDataCache: Display: Loaded Boot cache: C:/Users/Alunos/AppData/Local/UnrealEngine/4.18/DerivedDataCache/Boot.ddc
[2019.03.20-15.18.02:531][  0]LogDerivedDataCache: FDerivedDataBackendGraph:  Pak pak cache file C:/Users/Alunos/Documents/GitHub/CuraDoGameLSG/DerivedDataCache/DDC.ddp not found, will not use a pak cache.
[2019.03.20-15.18.02:531][  0]LogDerivedDataCache: Unable to find inner node Pak for hierarchical cache Hierarchy.
[2019.03.20-15.18.02:531][  0]LogDerivedDataCache: FDerivedDataBackendGraph:  CompressedPak pak cache file C:/Users/Alunos/Documents/GitHub/CuraDoGameLSG/DerivedDataCache/Compressed.ddp not found, will not use a pak cache.
[2019.03.20-15.18.02:531][  0]LogDerivedDataCache: Unable to find inner node CompressedPak for hierarchical cache Hierarchy.
[2019.03.20-15.18.02:542][  0]LogDerivedDataCache: Display: Pak cache opened for reading ../../../Engine/DerivedDataCache/Compressed.ddp.
[2019.03.20-15.18.02:554][  0]LogDerivedDataCache: Using Local data cache path C:/Users/Alunos/AppData/Local/UnrealEngine/Common/DerivedDataCache: Writable
[2019.03.20-15.18.02:561][  0]LogMaterial: Verifying Global Shaders for PCD3D_SM5
[2019.03.20-15.18.02:562][  0]LogSlate: Using Freetype 2.6.0
[2019.03.20-15.18.02:562][  0]LogSlate: SlateFontCache - WITH_FREETYPE: 1, WITH_HARFBUZZ: 1
[2019.03.20-15.18.02:562][  0]LogSlate: SlateFontCache - WITH_FREETYPE: 1, WITH_HARFBUZZ: 1
[2019.03.20-15.18.02:827][  0]LogInit: Selected Device Profile: [Windows]
[2019.03.20-15.18.03:067][  0]LogSimplygon: Simplygon DLL not present - disabling.
[2019.03.20-15.18.03:097][  0]LogMeshReduction: Using SimplygonSwarm for distributed automatic mesh merging
[2019.03.20-15.18.03:097][  0]LogMeshReduction: Using QuadricMeshReduction for automatic static mesh reduction
[2019.03.20-15.18.03:097][  0]LogMeshReduction: No automatic skeletal mesh reduction module available
[2019.03.20-15.18.03:097][  0]LogMeshReduction: No automatic mesh merging module available
[2019.03.20-15.18.03:097][  0]LogMeshMerging: No automatic mesh merging module available
[2019.03.20-15.18.03:117][  0]LogNetVersion: cura , NetCL: 3709383, EngineNetVer: 2, GameNetVer: 0 (Checksum: 1123959883)
[2019.03.20-15.18.03:244][  0]LogAssetRegistry: FAssetRegistry took 0.0267 seconds to start up
[2019.03.20-15.18.03:630][  0]LogPackageLocalizationCache: Processed 7 localized package path(s) for 2 prioritized culture(s) in 0.046188 seconds
[2019.03.20-15.18.03:634][  0]LogUObjectArray: 35870 objects as part of root set at end of initial load.
[2019.03.20-15.18.03:634][  0]LogUObjectAllocator: 7363704 out of 0 bytes used by permanent object pool.
[2019.03.20-15.18.03:634][  0]LogUObjectArray: CloseDisregardForGC: 0/0 objects in disregard for GC pool
[2019.03.20-15.18.03:672][  0]LogInit: WinSock: version 1.1 (2.2), MaxSocks=32767, MaxUdp=65467
[2019.03.20-15.18.05:663][  0]LogTcpMessaging: Initializing TcpMessaging bridge
[2019.03.20-15.18.05:696][  0]LogUdpMessaging: Initializing bridge on interface 0.0.0.0:0 to multicast group 230.0.0.1:6666.
[2019.03.20-15.18.06:226][  0]LogMaterial: Uniform references updated for custom material expression Custom.
[2019.03.20-15.18.06:541][  0]SourceControl: Controle de origem desativado
[2019.03.20-15.18.07:943][  0]LogAndroidPermission: UAndroidPermissionCallbackProxy::GetInstance
[2019.03.20-15.18.08:162][  0]LogOcInput: OculusInput pre-init called
[2019.03.20-15.18.08:368][  0]LogEngine: Initializing Engine...
[2019.03.20-15.18.08:370][  0]LogHMD: Failed to initialize OpenVR with code 110
[2019.03.20-15.18.08:515][  0]LogStats: UGameplayTagsManager::ConstructGameplayTagTree: Construct from data asset -  0.000 s
[2019.03.20-15.18.08:516][  0]LogStats: UGameplayTagsManager::ConstructGameplayTagTree: GameplayTagTreeChangedEvent.Broadcast -  0.000 s
[2019.03.20-15.18.08:614][  0]LogAIModule: Creating AISystem for world Untitled
[2019.03.20-15.18.08:627][  0]LogInit: XAudio2 using 'Speakers/Headphones (Realtek(R) Audio)' : 2 channels at 48 kHz using 32 bits per sample (channel mask 0x3)
[2019.03.20-15.18.08:828][  0]LogInit: FAudioDevice initialized.
[2019.03.20-15.18.08:936][  0]LogDerivedDataCache: Saved boot cache 0.11s 78MB C:/Users/Alunos/AppData/Local/UnrealEngine/4.18/DerivedDataCache/Boot.ddc.
[2019.03.20-15.18.08:950][  0]LogInit: Texture streaming: Enabled
[2019.03.20-15.18.09:018][  0]LogEngineSessionManager: EngineSessionManager initialized
[2019.03.20-15.18.09:110][  0]LogInit: Transaction tracking system initialized
[2019.03.20-15.18.09:332][  0]BlueprintLog: New page: Carregar Editor
[2019.03.20-15.18.09:975][  0]LocalizationService: Localization service is disabled
[2019.03.20-15.18.10:509][  0]LogConsoleResponse: Display: 
[2019.03.20-15.18.10:635][  0]LogCook: Display: Max memory allowance for cook 16384mb min free memory 0mb
[2019.03.20-15.18.10:635][  0]LogCook: Display: Mobile HDR setting 1
[2019.03.20-15.18.10:635][  0]LogGameplayTags: Display: UGameplayTagsManager::DoneAddingNativeTags. DelegateIsBound: 0
[2019.03.20-15.18.11:001][  0]LogFileCache: Scanning file cache for directory 'C:/Users/Alunos/Documents/GitHub/CuraDoGameLSG/Content/' took 0.01s
[2019.03.20-15.18.11:513][  0]Cmd: MAP LOAD FILE="C:/Users/Alunos/Documents/GitHub/CuraDoGameLSG/Content/2DSideScrollerBP/Maps/2DSideScrollerExampleMap.umap" TEMPLATE=0 SHOWPROGRESS=1 FEATURELEVEL=3
[2019.03.20-15.18.11:513][  0]LightingResults: New page: Compilação de Iluminação
[2019.03.20-15.18.11:543][  0]MapCheck: New page: Verificação de Mapa
[2019.03.20-15.18.11:543][  0]LightingResults: New page: Compilação de Iluminação
[2019.03.20-15.18.11:702][  0]LogAIModule: Creating AISystem for world 2DSideScrollerExampleMap
[2019.03.20-15.18.11:710][  0]LogEditorServer: Finished looking for orphan Actors (0.000 secs)
[2019.03.20-15.18.11:720][  0]Cmd: MAP CHECKDEP NOCLEARLOG
[2019.03.20-15.18.11:754][  0]MapCheck: Map check complete: 0 Error(s), 0 Warning(s), took 33,011ms to complete.
[2019.03.20-15.18.11:754][  0]LogFileHelpers: Loading map '2DSideScrollerExampleMap' took 0.241
[2019.03.20-15.18.11:878][  0]LogCollectionManager: Loaded 0 collections in 0.000840 seconds
[2019.03.20-15.18.11:944][  0]LogFileCache: Scanning file cache for directory 'C:/Users/Alunos/Documents/GitHub/CuraDoGameLSG/Saved/Collections/' took 0.01s
[2019.03.20-15.18.11:944][  0]LogFileCache: Scanning file cache for directory 'C:/Users/Alunos/Documents/GitHub/CuraDoGameLSG/Content/Developers/Alunos/Collections/' took 0.01s
[2019.03.20-15.18.11:944][  0]LogFileCache: Scanning file cache for directory 'C:/Users/Alunos/Documents/GitHub/CuraDoGameLSG/Content/Collections/' took 0.01s
[2019.03.20-15.18.11:944][  0]LogCollectionManager: Rebuilt the GUID cache for 0 collections in 0.000000 seconds
[2019.03.20-15.18.11:952][  0]LogContentBrowser: Native class hierarchy populated in 0.0075 seconds. Added 2363 classes and 519 folders.
[2019.03.20-15.18.12:020][  0]LogContentBrowser: Native class hierarchy updated for 'WidgetCarousel' in 0.0002 seconds. Added 0 classes and 0 folders.
[2019.03.20-15.18.12:049][  0]LogContentBrowser: Native class hierarchy updated for 'AddContentDialog' in 0.0002 seconds. Added 0 classes and 0 folders.
[2019.03.20-15.18.12:079][  0]LogContentBrowser: Native class hierarchy updated for 'SceneOutliner' in 0.0002 seconds. Added 1 classes and 2 folders.
[2019.03.20-15.18.12:125][  0]LogSlate: Took 0.000207 seconds to synchronously load lazily loaded font '../../../Engine/Content/Slate/Fonts/Roboto-Regular.ttf' (155K)
[2019.03.20-15.18.12:126][  0]LogSlate: Took 0.000171 seconds to synchronously load lazily loaded font '../../../Engine/Content/Slate/Fonts/Roboto-Bold.ttf' (160K)
[2019.03.20-15.18.12:131][  0]LogSlate: Took 0.000131 seconds to synchronously load lazily loaded font '../../../Engine/Content/Editor/Slate/Fonts/FontAwesome.ttf' (139K)
[2019.03.20-15.18.12:191][  0]LogRenderer: Reallocating scene render targets to support 1208x576 Format 10 NumSamples 1 (Frame:1).
[2019.03.20-15.18.12:217][  0]LogSlate: Took 0.000107 seconds to synchronously load lazily loaded font '../../../Engine/Content/Slate/Fonts/Roboto-Light.ttf' (159K)
[2019.03.20-15.18.12:303][  0]LogContentBrowser: Native class hierarchy updated for 'HierarchicalLODOutliner' in 0.0002 seconds. Added 1 classes and 2 folders.
[2019.03.20-15.18.12:303][  0]LogLoad: (Engine Initialization) Total time: 13.95 seconds
[2019.03.20-15.18.12:303][  0]LogLoad: (Engine Initialization) Total Blueprint compile time: 0.00 seconds
[2019.03.20-15.18.12:303][  0]LogExternalProfiler: No external profilers were discovered.  External profiling features will not be available.
[2019.03.20-15.18.12:317][  0]LogWindowsTextInputMethodSystem: Display: IME system now deactivated.
[2019.03.20-15.18.12:332][  0]LogAssetRegistry: Asset discovery search completed in 9.1102 seconds
[2019.03.20-15.18.12:333][  0]LogCollectionManager: Rebuilt the object cache for 0 collections in 0.000000 seconds (found 0 objects)
[2019.03.20-15.18.12:333][  0]LogCollectionManager: Fixed up redirectors for 0 collections in 0.000036 seconds (updated 0 objects)
[2019.03.20-15.18.12:334][  0]SourceControl: On branch master
[2019.03.20-15.18.12:334][  0]SourceControl: Your branch is up to date with 'origin/master'.
[2019.03.20-15.18.12:334][  0]SourceControl: Changes not staged for commit:
[2019.03.20-15.18.12:334][  0]SourceControl:   (use "git add <file>..." to update what will be committed)
[2019.03.20-15.18.12:334][  0]SourceControl:   (use "git checkout -- <file>..." to discard changes in working directory)
[2019.03.20-15.18.12:334][  0]SourceControl: 	modified:   Intermediate/CachedAssetRegistry.bin
[2019.03.20-15.18.12:334][  0]SourceControl: 	modified:   Saved/AutoScreenshot.png
[2019.03.20-15.18.12:334][  0]SourceControl: 	modified:   Saved/Config/Windows/Editor.ini
[2019.03.20-15.18.12:334][  0]SourceControl: 	modified:   Saved/Config/Windows/Engine.ini
[2019.03.20-15.18.12:334][  0]SourceControl: 	modified:   Saved/Logs/cura.log
[2019.03.20-15.18.12:334][  0]SourceControl: Untracked files:
[2019.03.20-15.18.12:334][  0]SourceControl:   (use "git add <file>..." to include in what will be committed)
[2019.03.20-15.18.12:334][  0]SourceControl: 	Saved/Config/CrashReportClient/UE4CC-Windows-5782DDBC4B01ACAE32ACFD81DA311177/
[2019.03.20-15.18.12:334][  0]SourceControl: 	Saved/Config/Windows/SourceControlSettings.ini
[2019.03.20-15.18.12:334][  0]SourceControl: 	Saved/Logs/cura-backup-2019.03.20-12.17.59.log
[2019.03.20-15.18.12:334][  0]SourceControl: no changes added to commit (use "git add" and/or "git commit -a")
[2019.03.20-15.18.12:335][  0]LogContentStreaming: Texture pool size now 1000 MB
[2019.03.20-15.18.16:736][514]LogTemp: Repeating last play command: Selected Viewport
[2019.03.20-15.18.16:802][514]LogBlueprintUserMessages: Early PlayInEditor Detection: Level '/Game/2DSideScrollerBP/Maps/2DSideScrollerExampleMap.2DSideScrollerExampleMap:PersistentLevel' has LevelScriptBlueprint '/Game/2DSideScrollerBP/Maps/2DSideScrollerExampleMap.2DSideScrollerExampleMap:PersistentLevel.2DSideScrollerExampleMap' with GeneratedClass '/Game/2DSideScrollerBP/Maps/2DSideScrollerExampleMap.2DSideScrollerExampleMap_C' with ClassGeneratedBy '/Game/2DSideScrollerBP/Maps/2DSideScrollerExampleMap.2DSideScrollerExampleMap:PersistentLevel.2DSideScrollerExampleMap'
[2019.03.20-15.18.16:802][514]LogPlayLevel: PlayLevel: No blueprints needed recompiling
[2019.03.20-15.18.16:802][514]PIE: New page: Sessão de PIE : 2DSideScrollerExampleMap (20/03/2019 09:18:16)
[2019.03.20-15.18.16:802][514]LogPlayLevel: Creating play world package: /Game/2DSideScrollerBP/Maps/UEDPIE_0_2DSideScrollerExampleMap
[2019.03.20-15.18.16:804][514]LogPlayLevel: PIE: StaticDuplicateObject took: (0.001704s)
[2019.03.20-15.18.16:805][514]LogAIModule: Creating AISystem for world 2DSideScrollerExampleMap
[2019.03.20-15.18.16:805][514]LogPlayLevel: PIE: World Init took: (0.000427s)
[2019.03.20-15.18.16:805][514]LogPlayLevel: PIE: Created PIE world by copying editor world from /Game/2DSideScrollerBP/Maps/2DSideScrollerExampleMap.2DSideScrollerExampleMap to /Game/2DSideScrollerBP/Maps/UEDPIE_0_2DSideScrollerExampleMap.2DSideScrollerExampleMap (0.002295s)
[2019.03.20-15.18.16:824][514]LogInit: XAudio2 using 'Speakers/Headphones (Realtek(R) Audio)' : 2 channels at 48 kHz using 32 bits per sample (channel mask 0x3)
[2019.03.20-15.18.16:896][514]LogInit: FAudioDevice initialized.
[2019.03.20-15.18.16:936][514]LogLoad: Game class is '2DSideScrollerGameMode_C'
[2019.03.20-15.18.16:938][514]LogWorld: Bringing World /Game/2DSideScrollerBP/Maps/UEDPIE_0_2DSideScrollerExampleMap.2DSideScrollerExampleMap up for play (max tick rate 0) at 2019.03.20-12.18.16
[2019.03.20-15.18.16:938][514]LogWorld: Bringing up level for play took: 0.001016
[2019.03.20-15.18.16:968][514]LogContentBrowser: Native class hierarchy updated for 'MovieSceneCapture' in 0.0002 seconds. Added 11 classes and 0 folders.
[2019.03.20-15.18.16:969][514]LogBlueprintUserMessages: [2DSideScrollerExampleMap_C_0] 100
[2019.03.20-15.18.16:969][514]PIE: Momento de início de reprodução no editor para /Game/2DSideScrollerBP/Maps/UEDPIE_0_2DSideScrollerExampleMap -0,428
[2019.03.20-15.18.16:969][514]LogBlueprintUserMessages: Late PlayInEditor Detection: Level '/Game/2DSideScrollerBP/Maps/2DSideScrollerExampleMap.2DSideScrollerExampleMap:PersistentLevel' has LevelScriptBlueprint '/Game/2DSideScrollerBP/Maps/2DSideScrollerExampleMap.2DSideScrollerExampleMap:PersistentLevel.2DSideScrollerExampleMap' with GeneratedClass '/Game/2DSideScrollerBP/Maps/2DSideScrollerExampleMap.2DSideScrollerExampleMap_C' with ClassGeneratedBy '/Game/2DSideScrollerBP/Maps/2DSideScrollerExampleMap.2DSideScrollerExampleMap:PersistentLevel.2DSideScrollerExampleMap'
[2019.03.20-15.18.20:340][917]LogBlueprintUserMessages: [DANO4] 50
[2019.03.20-15.18.25:032][480]LogBlueprintUserMessages: Early EndPlayMap Detection: Level '/Game/2DSideScrollerBP/Maps/2DSideScrollerExampleMap.2DSideScrollerExampleMap:PersistentLevel' has LevelScriptBlueprint '/Game/2DSideScrollerBP/Maps/2DSideScrollerExampleMap.2DSideScrollerExampleMap:PersistentLevel.2DSideScrollerExampleMap' with GeneratedClass '/Game/2DSideScrollerBP/Maps/2DSideScrollerExampleMap.2DSideScrollerExampleMap_C' with ClassGeneratedBy '/Game/2DSideScrollerBP/Maps/2DSideScrollerExampleMap.2DSideScrollerExampleMap:PersistentLevel.2DSideScrollerExampleMap'
[2019.03.20-15.18.25:062][480]LogBlueprintUserMessages: Late EndPlayMap Detection: Level '/Game/2DSideScrollerBP/Maps/2DSideScrollerExampleMap.2DSideScrollerExampleMap:PersistentLevel' has LevelScriptBlueprint '/Game/2DSideScrollerBP/Maps/2DSideScrollerExampleMap.2DSideScrollerExampleMap:PersistentLevel.2DSideScrollerExampleMap' with GeneratedClass '/Game/2DSideScrollerBP/Maps/2DSideScrollerExampleMap.2DSideScrollerExampleMap_C' with ClassGeneratedBy '/Game/2DSideScrollerBP/Maps/2DSideScrollerExampleMap.2DSideScrollerExampleMap:PersistentLevel.2DSideScrollerExampleMap'
[2019.03.20-15.18.29:660][ 29]SourceControl: fatal: D:/Epic Games/Engine/UE_4.18/Engine/Content/: 'D:/Epic Games/Engine/UE_4.18/Engine/Content/' is outside repository
[2019.03.20-15.18.29:726][ 29]EditorErrors: Warning: No assets to check in!
